<?xml version="1.0" encoding="UTF-8"?>
<!-- Generated by org.testng.reporters.JUnitXMLReporter -->
<testsuite hostname="sumanth" name="Default test" tests="2" failures="0" timestamp="29 Jul 2016 05:40:51 GMT" time="0.061" errors="0">
  <testcase name="Login" time="0.0" classname="com.finance.testscript.Discover_Testscript">
    <skipped/>
  </testcase> <!-- Login -->
  <testcase name="MovetoStatementPage" time="0.0" classname="com.finance.testscript.Discover_Testscript">
    <skipped/>
  </testcase> <!-- MovetoStatementPage -->
</testsuite> <!-- Default test -->
